INFO -  Checking System Description Files
INFO -   System description checker passed for Lonestar6
INFO - ------------------------------
INFO -  Running compliance checks in dir /scratch/05231/aruhela/submission/results/lonestar6-pytorch/strong/openfold
INFO -  System lonestar6-pytorch
INFO -  Benchmark openfold
INFO - ------------------------------
WARNING - Detected 11 total files in directory /scratch/05231/aruhela/submission/results/lonestar6-pytorch/strong/openfold, but some do not conform to naming convention, should you rename them to result_*.txt ?
WARNING - Unknown files in result directory: /scratch/05231/aruhela/submission/results/lonestar6-pytorch/strong/openfold
INFO - ------------------------------
INFO - Run 1/10
INFO - Running compliance on file: /scratch/05231/aruhela/submission/results/lonestar6-pytorch/strong/openfold/result_1.txt
INFO -  Compliance checks: hpc_3.0.0/common.yaml
INFO -  Compliance checks: hpc_3.0.0/closed_common.yaml
INFO -  Compliance checks: hpc_3.0.0/closed_openfold.yaml
INFO - ------------------------------
INFO - Run 2/10
INFO - Running compliance on file: /scratch/05231/aruhela/submission/results/lonestar6-pytorch/strong/openfold/result_10.txt
INFO -  Compliance checks: hpc_3.0.0/common.yaml
INFO -  Compliance checks: hpc_3.0.0/closed_common.yaml
INFO -  Compliance checks: hpc_3.0.0/closed_openfold.yaml
INFO - ------------------------------
INFO - Run 3/10
INFO - Running compliance on file: /scratch/05231/aruhela/submission/results/lonestar6-pytorch/strong/openfold/result_2.txt
INFO -  Compliance checks: hpc_3.0.0/common.yaml
INFO -  Compliance checks: hpc_3.0.0/closed_common.yaml
INFO -  Compliance checks: hpc_3.0.0/closed_openfold.yaml
INFO - ------------------------------
INFO - Run 4/10
INFO - Running compliance on file: /scratch/05231/aruhela/submission/results/lonestar6-pytorch/strong/openfold/result_3.txt
INFO -  Compliance checks: hpc_3.0.0/common.yaml
INFO -  Compliance checks: hpc_3.0.0/closed_common.yaml
INFO -  Compliance checks: hpc_3.0.0/closed_openfold.yaml
INFO - ------------------------------
INFO - Run 5/10
INFO - Running compliance on file: /scratch/05231/aruhela/submission/results/lonestar6-pytorch/strong/openfold/result_4.txt
INFO -  Compliance checks: hpc_3.0.0/common.yaml
INFO -  Compliance checks: hpc_3.0.0/closed_common.yaml
INFO -  Compliance checks: hpc_3.0.0/closed_openfold.yaml
INFO - ------------------------------
INFO - Run 6/10
INFO - Running compliance on file: /scratch/05231/aruhela/submission/results/lonestar6-pytorch/strong/openfold/result_5.txt
INFO -  Compliance checks: hpc_3.0.0/common.yaml
INFO -  Compliance checks: hpc_3.0.0/closed_common.yaml
INFO -  Compliance checks: hpc_3.0.0/closed_openfold.yaml
INFO - ------------------------------
INFO - Run 7/10
INFO - Running compliance on file: /scratch/05231/aruhela/submission/results/lonestar6-pytorch/strong/openfold/result_6.txt
INFO -  Compliance checks: hpc_3.0.0/common.yaml
INFO -  Compliance checks: hpc_3.0.0/closed_common.yaml
INFO -  Compliance checks: hpc_3.0.0/closed_openfold.yaml
INFO - ------------------------------
INFO - Run 8/10
INFO - Running compliance on file: /scratch/05231/aruhela/submission/results/lonestar6-pytorch/strong/openfold/result_7.txt
INFO -  Compliance checks: hpc_3.0.0/common.yaml
INFO -  Compliance checks: hpc_3.0.0/closed_common.yaml
INFO -  Compliance checks: hpc_3.0.0/closed_openfold.yaml
INFO - ------------------------------
INFO - Run 9/10
INFO - Running compliance on file: /scratch/05231/aruhela/submission/results/lonestar6-pytorch/strong/openfold/result_8.txt
INFO -  Compliance checks: hpc_3.0.0/common.yaml
INFO -  Compliance checks: hpc_3.0.0/closed_common.yaml
INFO -  Compliance checks: hpc_3.0.0/closed_openfold.yaml
INFO - ------------------------------
INFO - Run 10/10
INFO - Running compliance on file: /scratch/05231/aruhela/submission/results/lonestar6-pytorch/strong/openfold/result_9.txt
INFO -  Compliance checks: hpc_3.0.0/common.yaml
INFO -  Compliance checks: hpc_3.0.0/closed_common.yaml
INFO -  Compliance checks: hpc_3.0.0/closed_openfold.yaml
INFO - ------------------------------
INFO -  Running Seed Checker
INFO - ------------------------------
INFO -  Running RCP Checker, pass: pruned_rcps
INFO - ------------------------------
INFO -  RCP Record: {'Benchmark': 'openfold', 'BS': 128, 'Hyperparams': {'global_batch_size': 128, 'gradient_accumulation_steps': 1, 'val_every_iters': 40, 'precision': 'fp32', 'opt_name': 'Adam', 'opt_base_learning_rate': 0.001, 'opt_adam_beta_1': 0.9, 'opt_adam_beta_2': 0.999, 'opt_adam_epsilon': 1e-06, 'opt_weight_decay': 0.0, 'opt_amsgrad': False, 'opt_gradient_clipping': True, 'opt_gradient_clip_norm': 0.1, 'opt_learning_rate_warmup_init': 1e-05, 'opt_learning_rate_warmup_steps': 0, 'swa_enabled': True, 'swa_decay_rate': 0.9, 'initial_training_dataloader_type': 'InitialTrainingDataloaderPT'}, 'Epochs to converge': [71680, 81920, 81920, 81920, 81920, 81920, 81920, 81920, 87040, 87040, 87040, 92160, 92160, 92160, 92160, 92160, 97280, 97280, 107520, 107520], 'RCP Mean': 88746.66666666667, 'RCP Stdev': 7036.766934387474, 'Max Speedup': 1.061168969363626, 'Min Epochs': 83631.04201952617}
INFO -  Submission mean epochs: 109440.0000
INFO - RCP Test Passed: RCP not found but slower convergence on smaller batch size
INFO - ------------------------------
INFO - ------------------------------
INFO - PACKAGE CHECKER FOUND NO ERRORS, SUCCESS !
INFO - ------------------------------
INFO -  Checking System Description Files
INFO -   System description checker passed for Lonestar6
INFO - ------------------------------
INFO -  Running compliance checks in dir /scratch/05231/aruhela/submission/results/lonestar6-pytorch/strong/openfold
INFO -  System lonestar6-pytorch
INFO -  Benchmark openfold
INFO - ------------------------------
WARNING - Detected 12 total files in directory /scratch/05231/aruhela/submission/results/lonestar6-pytorch/strong/openfold, but some do not conform to naming convention, should you rename them to result_*.txt ?
WARNING - Unknown files in result directory: /scratch/05231/aruhela/submission/results/lonestar6-pytorch/strong/openfold
INFO - ------------------------------
INFO - Run 1/10
INFO - Running compliance on file: /scratch/05231/aruhela/submission/results/lonestar6-pytorch/strong/openfold/result_1.txt
INFO -  Compliance checks: hpc_3.0.0/common.yaml
INFO -  Compliance checks: hpc_3.0.0/closed_common.yaml
INFO -  Compliance checks: hpc_3.0.0/closed_openfold.yaml
INFO - ------------------------------
INFO - Run 2/10
INFO - Running compliance on file: /scratch/05231/aruhela/submission/results/lonestar6-pytorch/strong/openfold/result_10.txt
INFO -  Compliance checks: hpc_3.0.0/common.yaml
INFO -  Compliance checks: hpc_3.0.0/closed_common.yaml
INFO -  Compliance checks: hpc_3.0.0/closed_openfold.yaml
INFO - ------------------------------
INFO - Run 3/10
INFO - Running compliance on file: /scratch/05231/aruhela/submission/results/lonestar6-pytorch/strong/openfold/result_2.txt
INFO -  Compliance checks: hpc_3.0.0/common.yaml
INFO -  Compliance checks: hpc_3.0.0/closed_common.yaml
INFO -  Compliance checks: hpc_3.0.0/closed_openfold.yaml
INFO - ------------------------------
INFO - Run 4/10
INFO - Running compliance on file: /scratch/05231/aruhela/submission/results/lonestar6-pytorch/strong/openfold/result_3.txt
INFO -  Compliance checks: hpc_3.0.0/common.yaml
INFO -  Compliance checks: hpc_3.0.0/closed_common.yaml
INFO -  Compliance checks: hpc_3.0.0/closed_openfold.yaml
INFO - ------------------------------
INFO - Run 5/10
INFO - Running compliance on file: /scratch/05231/aruhela/submission/results/lonestar6-pytorch/strong/openfold/result_4.txt
INFO -  Compliance checks: hpc_3.0.0/common.yaml
INFO -  Compliance checks: hpc_3.0.0/closed_common.yaml
INFO -  Compliance checks: hpc_3.0.0/closed_openfold.yaml
INFO - ------------------------------
INFO - Run 6/10
INFO - Running compliance on file: /scratch/05231/aruhela/submission/results/lonestar6-pytorch/strong/openfold/result_5.txt
INFO -  Compliance checks: hpc_3.0.0/common.yaml
INFO -  Compliance checks: hpc_3.0.0/closed_common.yaml
INFO -  Compliance checks: hpc_3.0.0/closed_openfold.yaml
INFO - ------------------------------
INFO - Run 7/10
INFO - Running compliance on file: /scratch/05231/aruhela/submission/results/lonestar6-pytorch/strong/openfold/result_6.txt
INFO -  Compliance checks: hpc_3.0.0/common.yaml
INFO -  Compliance checks: hpc_3.0.0/closed_common.yaml
INFO -  Compliance checks: hpc_3.0.0/closed_openfold.yaml
INFO - ------------------------------
INFO - Run 8/10
INFO - Running compliance on file: /scratch/05231/aruhela/submission/results/lonestar6-pytorch/strong/openfold/result_7.txt
INFO -  Compliance checks: hpc_3.0.0/common.yaml
INFO -  Compliance checks: hpc_3.0.0/closed_common.yaml
INFO -  Compliance checks: hpc_3.0.0/closed_openfold.yaml
INFO - ------------------------------
INFO - Run 9/10
INFO - Running compliance on file: /scratch/05231/aruhela/submission/results/lonestar6-pytorch/strong/openfold/result_8.txt
INFO -  Compliance checks: hpc_3.0.0/common.yaml
INFO -  Compliance checks: hpc_3.0.0/closed_common.yaml
INFO -  Compliance checks: hpc_3.0.0/closed_openfold.yaml
INFO - ------------------------------
INFO - Run 10/10
INFO - Running compliance on file: /scratch/05231/aruhela/submission/results/lonestar6-pytorch/strong/openfold/result_9.txt
INFO -  Compliance checks: hpc_3.0.0/common.yaml
INFO -  Compliance checks: hpc_3.0.0/closed_common.yaml
INFO -  Compliance checks: hpc_3.0.0/closed_openfold.yaml
INFO - ------------------------------
INFO -  Running Seed Checker
INFO - ------------------------------
INFO -  Running RCP Checker, pass: pruned_rcps
INFO - ------------------------------
INFO -  RCP Record: {'Benchmark': 'openfold', 'BS': 128, 'Hyperparams': {'global_batch_size': 128, 'gradient_accumulation_steps': 1, 'val_every_iters': 40, 'precision': 'fp32', 'opt_name': 'Adam', 'opt_base_learning_rate': 0.001, 'opt_adam_beta_1': 0.9, 'opt_adam_beta_2': 0.999, 'opt_adam_epsilon': 1e-06, 'opt_weight_decay': 0.0, 'opt_amsgrad': False, 'opt_gradient_clipping': True, 'opt_gradient_clip_norm': 0.1, 'opt_learning_rate_warmup_init': 1e-05, 'opt_learning_rate_warmup_steps': 0, 'swa_enabled': True, 'swa_decay_rate': 0.9, 'initial_training_dataloader_type': 'InitialTrainingDataloaderPT'}, 'Epochs to converge': [71680, 81920, 81920, 81920, 81920, 81920, 81920, 81920, 87040, 87040, 87040, 92160, 92160, 92160, 92160, 92160, 97280, 97280, 107520, 107520], 'RCP Mean': 88746.66666666667, 'RCP Stdev': 7036.766934387474, 'Max Speedup': 1.061168969363626, 'Min Epochs': 83631.04201952617}
INFO -  Submission mean epochs: 106080.0000
INFO - RCP Test Passed: RCP not found but slower convergence on smaller batch size
INFO - ------------------------------
INFO - ------------------------------
INFO - PACKAGE CHECKER FOUND NO ERRORS, SUCCESS !
INFO - ------------------------------
